{"/Users/georgiom/code/aegis-node/src/actions/vault.ts": {"path":"/Users/georgiom/code/aegis-node/src/actions/vault.ts","statementMap":{"0":{"start":{"line":1,"column":0},"end":{"line":1,"column":null}},"1":{"start":{"line":6,"column":20},"end":{"line":6,"column":61}},"2":{"start":{"line":7,"column":20},"end":{"line":7,"column":null}},"3":{"start":{"line":8,"column":20},"end":{"line":8,"column":null}},"4":{"start":{"line":11,"column":56},"end":{"line":11,"column":null}},"5":{"start":{"line":14,"column":2},"end":{"line":16,"column":null}},"6":{"start":{"line":15,"column":20},"end":{"line":15,"column":null}},"7":{"start":{"line":16,"column":4},"end":{"line":16,"column":null}},"8":{"start":{"line":18,"column":2},"end":{"line":18,"column":null}},"9":{"start":{"line":21,"column":77},"end":{"line":21,"column":null}},"10":{"start":{"line":25,"column":2},"end":{"line":57,"column":null}},"11":{"start":{"line":26,"column":4},"end":{"line":57,"column":null}},"12":{"start":{"line":27,"column":6},"end":{"line":55,"column":null}},"13":{"start":{"line":28,"column":19},"end":{"line":28,"column":32}},"14":{"start":{"line":29,"column":23},"end":{"line":29,"column":44}},"15":{"start":{"line":31,"column":8},"end":{"line":48,"column":null}},"16":{"start":{"line":32,"column":10},"end":{"line":48,"column":null}},"17":{"start":{"line":33,"column":12},"end":{"line":45,"column":null}},"18":{"start":{"line":47,"column":12},"end":{"line":48,"column":null}},"19":{"start":{"line":48,"column":14},"end":{"line":48,"column":null}},"20":{"start":{"line":52,"column":8},"end":{"line":52,"column":null}},"21":{"start":{"line":54,"column":8},"end":{"line":54,"column":null}},"22":{"start":{"line":55,"column":8},"end":{"line":55,"column":null}},"23":{"start":{"line":59,"column":2},"end":{"line":59,"column":null}},"24":{"start":{"line":66,"column":2},"end":{"line":92,"column":null}},"25":{"start":{"line":67,"column":23},"end":{"line":67,"column":40}},"26":{"start":{"line":68,"column":4},"end":{"line":68,"column":null}},"27":{"start":{"line":68,"column":33},"end":{"line":68,"column":null}},"28":{"start":{"line":70,"column":15},"end":{"line":70,"column":28}},"29":{"start":{"line":71,"column":18},"end":{"line":71,"column":48}},"30":{"start":{"line":73,"column":19},"end":{"line":74,"column":null}},"31":{"start":{"line":78,"column":4},"end":{"line":88,"column":null}},"32":{"start":{"line":89,"column":4},"end":{"line":89,"column":null}},"33":{"start":{"line":91,"column":4},"end":{"line":91,"column":null}},"34":{"start":{"line":92,"column":4},"end":{"line":92,"column":null}},"35":{"start":{"line":100,"column":2},"end":{"line":126,"column":null}},"36":{"start":{"line":101,"column":23},"end":{"line":101,"column":40}},"37":{"start":{"line":102,"column":4},"end":{"line":102,"column":null}},"38":{"start":{"line":102,"column":33},"end":{"line":102,"column":null}},"39":{"start":{"line":104,"column":15},"end":{"line":104,"column":28}},"40":{"start":{"line":105,"column":18},"end":{"line":105,"column":48}},"41":{"start":{"line":106,"column":24},"end":{"line":106,"column":54}},"42":{"start":{"line":109,"column":17},"end":{"line":109,"column":73}},"43":{"start":{"line":111,"column":4},"end":{"line":123,"column":null}},"44":{"start":{"line":112,"column":21},"end":{"line":112,"column":46}},"45":{"start":{"line":113,"column":19},"end":{"line":123,"column":9}},"46":{"start":{"line":125,"column":4},"end":{"line":125,"column":null}},"47":{"start":{"line":126,"column":4},"end":{"line":126,"column":null}},"48":{"start":{"line":131,"column":2},"end":{"line":157,"column":null}},"49":{"start":{"line":132,"column":23},"end":{"line":132,"column":40}},"50":{"start":{"line":133,"column":4},"end":{"line":133,"column":null}},"51":{"start":{"line":133,"column":33},"end":{"line":133,"column":null}},"52":{"start":{"line":135,"column":15},"end":{"line":135,"column":28}},"53":{"start":{"line":136,"column":18},"end":{"line":136,"column":48}},"54":{"start":{"line":139,"column":17},"end":{"line":139,"column":56}},"55":{"start":{"line":141,"column":4},"end":{"line":154,"column":null}},"56":{"start":{"line":142,"column":21},"end":{"line":142,"column":46}},"57":{"start":{"line":143,"column":19},"end":{"line":153,"column":9}},"58":{"start":{"line":154,"column":22},"end":{"line":154,"column":87}},"59":{"start":{"line":156,"column":4},"end":{"line":156,"column":null}},"60":{"start":{"line":157,"column":4},"end":{"line":157,"column":null}},"61":{"start":{"line":163,"column":16},"end":{"line":163,"column":null}},"62":{"start":{"line":164,"column":16},"end":{"line":164,"column":null}},"63":{"start":{"line":166,"column":2},"end":{"line":187,"column":null}},"64":{"start":{"line":167,"column":16},"end":{"line":172,"column":6}},"65":{"start":{"line":174,"column":4},"end":{"line":174,"column":null}},"66":{"start":{"line":174,"column":17},"end":{"line":174,"column":null}},"67":{"start":{"line":175,"column":17},"end":{"line":175,"column":33}},"68":{"start":{"line":177,"column":22},"end":{"line":177,"column":null}},"69":{"start":{"line":178,"column":4},"end":{"line":178,"column":null}},"70":{"start":{"line":178,"column":46},"end":{"line":178,"column":null}},"71":{"start":{"line":181,"column":4},"end":{"line":182,"column":null}},"72":{"start":{"line":182,"column":6},"end":{"line":182,"column":null}},"73":{"start":{"line":184,"column":4},"end":{"line":184,"column":null}},"74":{"start":{"line":187,"column":4},"end":{"line":187,"column":null}}},"fnMap":{"0":{"name":"getDb","decl":{"start":{"line":13,"column":15},"end":{"line":13,"column":23}},"loc":{"start":{"line":13,"column":23},"end":{"line":18,"column":null}},"line":13},"1":{"name":"initVault","decl":{"start":{"line":24,"column":22},"end":{"line":24,"column":85}},"loc":{"start":{"line":24,"column":85},"end":{"line":59,"column":null}},"line":24},"2":{"name":"(anonymous_2)","decl":{"start":{"line":26,"column":20},"end":{"line":26,"column":32}},"loc":{"start":{"line":26,"column":32},"end":{"line":57,"column":null}},"line":26},"3":{"name":"logRemediation","decl":{"start":{"line":63,"column":22},"end":{"line":63,"column":null}},"loc":{"start":{"line":65,"column":48},"end":{"line":92,"column":null}},"line":65},"4":{"name":"searchRemediations","decl":{"start":{"line":97,"column":22},"end":{"line":97,"column":null}},"loc":{"start":{"line":99,"column":32},"end":{"line":126,"column":null}},"line":99},"5":{"name":"(anonymous_5)","decl":{"start":{"line":112,"column":7},"end":{"line":112,"column":15}},"loc":{"start":{"line":112,"column":21},"end":{"line":112,"column":46}},"line":112},"6":{"name":"(anonymous_6)","decl":{"start":{"line":113,"column":7},"end":{"line":113,"column":12}},"loc":{"start":{"line":113,"column":19},"end":{"line":123,"column":9}},"line":113},"7":{"name":"getDefenseLogs","decl":{"start":{"line":130,"column":22},"end":{"line":130,"column":69}},"loc":{"start":{"line":130,"column":69},"end":{"line":157,"column":null}},"line":130},"8":{"name":"(anonymous_8)","decl":{"start":{"line":142,"column":7},"end":{"line":142,"column":15}},"loc":{"start":{"line":142,"column":21},"end":{"line":142,"column":46}},"line":142},"9":{"name":"(anonymous_9)","decl":{"start":{"line":143,"column":7},"end":{"line":143,"column":12}},"loc":{"start":{"line":143,"column":19},"end":{"line":153,"column":9}},"line":143},"10":{"name":"(anonymous_10)","decl":{"start":{"line":154,"column":7},"end":{"line":154,"column":13}},"loc":{"start":{"line":154,"column":22},"end":{"line":154,"column":87}},"line":154},"11":{"name":"generateEmbedding","decl":{"start":{"line":162,"column":15},"end":{"line":162,"column":33}},"loc":{"start":{"line":162,"column":66},"end":{"line":187,"column":null}},"line":162}},"branchMap":{"0":{"loc":{"start":{"line":14,"column":2},"end":{"line":16,"column":null}},"type":"if","locations":[{"start":{"line":14,"column":2},"end":{"line":16,"column":null}},{"start":{},"end":{}}],"line":14},"1":{"loc":{"start":{"line":25,"column":2},"end":{"line":57,"column":null}},"type":"if","locations":[{"start":{"line":25,"column":2},"end":{"line":57,"column":null}},{"start":{},"end":{}}],"line":25},"2":{"loc":{"start":{"line":31,"column":8},"end":{"line":48,"column":null}},"type":"if","locations":[{"start":{"line":31,"column":8},"end":{"line":48,"column":null}},{"start":{},"end":{}}],"line":31},"3":{"loc":{"start":{"line":47,"column":12},"end":{"line":48,"column":null}},"type":"if","locations":[{"start":{"line":47,"column":12},"end":{"line":48,"column":null}},{"start":{},"end":{}}],"line":47},"4":{"loc":{"start":{"line":68,"column":4},"end":{"line":68,"column":null}},"type":"if","locations":[{"start":{"line":68,"column":4},"end":{"line":68,"column":null}},{"start":{},"end":{}}],"line":68},"5":{"loc":{"start":{"line":102,"column":4},"end":{"line":102,"column":null}},"type":"if","locations":[{"start":{"line":102,"column":4},"end":{"line":102,"column":null}},{"start":{},"end":{}}],"line":102},"6":{"loc":{"start":{"line":122,"column":25},"end":{"line":122,"column":null}},"type":"binary-expr","locations":[{"start":{"line":122,"column":25},"end":{"line":122,"column":54}},{"start":{"line":122,"column":54},"end":{"line":122,"column":null}}],"line":122},"7":{"loc":{"start":{"line":133,"column":4},"end":{"line":133,"column":null}},"type":"if","locations":[{"start":{"line":133,"column":4},"end":{"line":133,"column":null}},{"start":{},"end":{}}],"line":133},"8":{"loc":{"start":{"line":163,"column":16},"end":{"line":163,"column":null}},"type":"binary-expr","locations":[{"start":{"line":163,"column":16},"end":{"line":163,"column":46}},{"start":{"line":163,"column":46},"end":{"line":163,"column":72}},{"start":{"line":163,"column":72},"end":{"line":163,"column":null}}],"line":163},"9":{"loc":{"start":{"line":164,"column":16},"end":{"line":164,"column":null}},"type":"binary-expr","locations":[{"start":{"line":164,"column":16},"end":{"line":164,"column":44}},{"start":{"line":164,"column":44},"end":{"line":164,"column":73}},{"start":{"line":164,"column":73},"end":{"line":164,"column":null}}],"line":164},"10":{"loc":{"start":{"line":174,"column":4},"end":{"line":174,"column":null}},"type":"if","locations":[{"start":{"line":174,"column":4},"end":{"line":174,"column":null}},{"start":{},"end":{}}],"line":174},"11":{"loc":{"start":{"line":178,"column":4},"end":{"line":178,"column":null}},"type":"if","locations":[{"start":{"line":178,"column":4},"end":{"line":178,"column":null}},{"start":{},"end":{}}],"line":178},"12":{"loc":{"start":{"line":178,"column":8},"end":{"line":178,"column":46}},"type":"binary-expr","locations":[{"start":{"line":178,"column":8},"end":{"line":178,"column":22}},{"start":{"line":178,"column":22},"end":{"line":178,"column":46}}],"line":178},"13":{"loc":{"start":{"line":181,"column":4},"end":{"line":182,"column":null}},"type":"if","locations":[{"start":{"line":181,"column":4},"end":{"line":182,"column":null}},{"start":{},"end":{}}],"line":181}},"s":{"0":1,"1":1,"2":1,"3":1,"4":1,"5":13,"6":1,"7":1,"8":13,"9":1,"10":12,"11":1,"12":1,"13":1,"14":1,"15":1,"16":0,"17":0,"18":0,"19":0,"20":1,"21":0,"22":0,"23":12,"24":3,"25":3,"26":3,"27":0,"28":3,"29":3,"30":3,"31":3,"32":3,"33":0,"34":0,"35":3,"36":3,"37":3,"38":0,"39":3,"40":3,"41":3,"42":3,"43":2,"44":3,"45":2,"46":1,"47":1,"48":6,"49":6,"50":6,"51":0,"52":6,"53":6,"54":6,"55":5,"56":7,"57":5,"58":1,"59":1,"60":1,"61":6,"62":6,"63":6,"64":6,"65":6,"66":6,"67":0,"68":0,"69":0,"70":0,"71":0,"72":0,"73":0,"74":6},"f":{"0":13,"1":12,"2":1,"3":3,"4":3,"5":3,"6":2,"7":6,"8":7,"9":5,"10":1,"11":6},"b":{"0":[1,12],"1":[1,11],"2":[0,1],"3":[0,0],"4":[0,3],"5":[0,3],"6":[2,0],"7":[0,6],"8":[6,6,6],"9":[6,6,6],"10":[6,0],"11":[0,0],"12":[0,0],"13":[0,0]},"meta":{"lastBranch":14,"lastFunction":12,"lastStatement":75,"seen":{"s:1:0:1:Infinity":0,"s:6:20:6:61":1,"s:7:20:7:Infinity":2,"s:8:20:8:Infinity":3,"s:11:56:11:Infinity":4,"f:13:15:13:23":0,"b:14:2:16:Infinity:undefined:undefined:undefined:undefined":0,"s:14:2:16:Infinity":5,"s:15:20:15:Infinity":6,"s:16:4:16:Infinity":7,"s:18:2:18:Infinity":8,"s:21:77:21:Infinity":9,"f:24:22:24:85":1,"b:25:2:57:Infinity:undefined:undefined:undefined:undefined":1,"s:25:2:57:Infinity":10,"s:26:4:57:Infinity":11,"f:26:20:26:32":2,"s:27:6:55:Infinity":12,"s:28:19:28:32":13,"s:29:23:29:44":14,"b:31:8:48:Infinity:undefined:undefined:undefined:undefined":2,"s:31:8:48:Infinity":15,"s:32:10:48:Infinity":16,"s:33:12:45:Infinity":17,"b:47:12:48:Infinity:undefined:undefined:undefined:undefined":3,"s:47:12:48:Infinity":18,"s:48:14:48:Infinity":19,"s:52:8:52:Infinity":20,"s:54:8:54:Infinity":21,"s:55:8:55:Infinity":22,"s:59:2:59:Infinity":23,"f:63:22:63:Infinity":3,"s:66:2:92:Infinity":24,"s:67:23:67:40":25,"b:68:4:68:Infinity:undefined:undefined:undefined:undefined":4,"s:68:4:68:Infinity":26,"s:68:33:68:Infinity":27,"s:70:15:70:28":28,"s:71:18:71:48":29,"s:73:19:74:Infinity":30,"s:78:4:88:Infinity":31,"s:89:4:89:Infinity":32,"s:91:4:91:Infinity":33,"s:92:4:92:Infinity":34,"f:97:22:97:Infinity":4,"s:100:2:126:Infinity":35,"s:101:23:101:40":36,"b:102:4:102:Infinity:undefined:undefined:undefined:undefined":5,"s:102:4:102:Infinity":37,"s:102:33:102:Infinity":38,"s:104:15:104:28":39,"s:105:18:105:48":40,"s:106:24:106:54":41,"s:109:17:109:73":42,"s:111:4:123:Infinity":43,"f:112:7:112:15":5,"s:112:21:112:46":44,"f:113:7:113:12":6,"s:113:19:123:9":45,"b:122:25:122:54:122:54:122:Infinity":6,"s:125:4:125:Infinity":46,"s:126:4:126:Infinity":47,"f:130:22:130:69":7,"s:131:2:157:Infinity":48,"s:132:23:132:40":49,"b:133:4:133:Infinity:undefined:undefined:undefined:undefined":7,"s:133:4:133:Infinity":50,"s:133:33:133:Infinity":51,"s:135:15:135:28":52,"s:136:18:136:48":53,"s:139:17:139:56":54,"s:141:4:154:Infinity":55,"f:142:7:142:15":8,"s:142:21:142:46":56,"f:143:7:143:12":9,"s:143:19:153:9":57,"f:154:7:154:13":10,"s:154:22:154:87":58,"s:156:4:156:Infinity":59,"s:157:4:157:Infinity":60,"f:162:15:162:33":11,"s:163:16:163:Infinity":61,"b:163:16:163:46:163:46:163:72:163:72:163:Infinity":8,"s:164:16:164:Infinity":62,"b:164:16:164:44:164:44:164:73:164:73:164:Infinity":9,"s:166:2:187:Infinity":63,"s:167:16:172:6":64,"b:174:4:174:Infinity:undefined:undefined:undefined:undefined":10,"s:174:4:174:Infinity":65,"s:174:17:174:Infinity":66,"s:175:17:175:33":67,"s:177:22:177:Infinity":68,"b:178:4:178:Infinity:undefined:undefined:undefined:undefined":11,"s:178:4:178:Infinity":69,"b:178:8:178:22:178:22:178:46":12,"s:178:46:178:Infinity":70,"b:181:4:182:Infinity:undefined:undefined:undefined:undefined":13,"s:181:4:182:Infinity":71,"s:182:6:182:Infinity":72,"s:184:4:184:Infinity":73,"s:187:4:187:Infinity":74}}}
,"/Users/georgiom/code/aegis-node/src/components/DefenseLog.utils.ts": {"path":"/Users/georgiom/code/aegis-node/src/components/DefenseLog.utils.ts","statementMap":{"0":{"start":{"line":4,"column":2},"end":{"line":4,"column":null}},"1":{"start":{"line":4,"column":55},"end":{"line":4,"column":null}},"2":{"start":{"line":5,"column":2},"end":{"line":5,"column":null}},"3":{"start":{"line":5,"column":55},"end":{"line":5,"column":null}},"4":{"start":{"line":6,"column":2},"end":{"line":6,"column":null}},"5":{"start":{"line":10,"column":15},"end":{"line":10,"column":51}},"6":{"start":{"line":11,"column":15},"end":{"line":11,"column":39}},"7":{"start":{"line":12,"column":2},"end":{"line":12,"column":null}},"8":{"start":{"line":12,"column":16},"end":{"line":12,"column":null}},"9":{"start":{"line":13,"column":2},"end":{"line":13,"column":null}},"10":{"start":{"line":13,"column":17},"end":{"line":13,"column":null}},"11":{"start":{"line":14,"column":16},"end":{"line":14,"column":37}},"12":{"start":{"line":15,"column":2},"end":{"line":15,"column":null}},"13":{"start":{"line":15,"column":18},"end":{"line":15,"column":null}},"14":{"start":{"line":16,"column":2},"end":{"line":16,"column":null}},"15":{"start":{"line":20,"column":15},"end":{"line":20,"column":32}},"16":{"start":{"line":21,"column":2},"end":{"line":33,"column":null}},"17":{"start":{"line":23,"column":6},"end":{"line":23,"column":null}},"18":{"start":{"line":23,"column":26},"end":{"line":23,"column":null}},"19":{"start":{"line":24,"column":6},"end":{"line":24,"column":null}},"20":{"start":{"line":25,"column":6},"end":{"line":25,"column":null}},"21":{"start":{"line":27,"column":17},"end":{"line":33,"column":7}},"22":{"start":{"line":43,"column":23},"end":{"line":43,"column":null}},"23":{"start":{"line":43,"column":44},"end":{"line":43,"column":66}},"24":{"start":{"line":44,"column":23},"end":{"line":44,"column":null}},"25":{"start":{"line":44,"column":44},"end":{"line":44,"column":65}},"26":{"start":{"line":45,"column":23},"end":{"line":47,"column":null}},"27":{"start":{"line":48,"column":25},"end":{"line":51,"column":null}},"28":{"start":{"line":50,"column":16},"end":{"line":50,"column":76}},"29":{"start":{"line":53,"column":2},"end":{"line":60,"column":null}}},"fnMap":{"0":{"name":"mapOutcomeToType","decl":{"start":{"line":3,"column":16},"end":{"line":3,"column":33}},"loc":{"start":{"line":3,"column":75},"end":{"line":6,"column":null}},"line":3},"1":{"name":"formatRelativeTime","decl":{"start":{"line":9,"column":16},"end":{"line":9,"column":35}},"loc":{"start":{"line":9,"column":56},"end":{"line":16,"column":null}},"line":9},"2":{"name":"mapVaultToLogEntries","decl":{"start":{"line":19,"column":16},"end":{"line":19,"column":37}},"loc":{"start":{"line":19,"column":83},"end":{"line":33,"column":null}},"line":19},"3":{"name":"(anonymous_3)","decl":{"start":{"line":22,"column":5},"end":{"line":22,"column":13}},"loc":{"start":{"line":22,"column":19},"end":{"line":26,"column":null}},"line":22},"4":{"name":"(anonymous_4)","decl":{"start":{"line":27,"column":5},"end":{"line":27,"column":10}},"loc":{"start":{"line":27,"column":17},"end":{"line":33,"column":7}},"line":27},"5":{"name":"buildScanContext","decl":{"start":{"line":36,"column":16},"end":{"line":36,"column":null}},"loc":{"start":{"line":42,"column":10},"end":{"line":60,"column":null}},"line":42},"6":{"name":"(anonymous_6)","decl":{"start":{"line":43,"column":30},"end":{"line":43,"column":38}},"loc":{"start":{"line":43,"column":44},"end":{"line":43,"column":66}},"line":43},"7":{"name":"(anonymous_7)","decl":{"start":{"line":44,"column":30},"end":{"line":44,"column":38}},"loc":{"start":{"line":44,"column":44},"end":{"line":44,"column":65}},"line":44},"8":{"name":"(anonymous_8)","decl":{"start":{"line":50,"column":5},"end":{"line":50,"column":10}},"loc":{"start":{"line":50,"column":16},"end":{"line":50,"column":76}},"line":50}},"branchMap":{"0":{"loc":{"start":{"line":4,"column":2},"end":{"line":4,"column":null}},"type":"if","locations":[{"start":{"line":4,"column":2},"end":{"line":4,"column":null}},{"start":{},"end":{}}],"line":4},"1":{"loc":{"start":{"line":4,"column":6},"end":{"line":4,"column":55}},"type":"binary-expr","locations":[{"start":{"line":4,"column":6},"end":{"line":4,"column":31}},{"start":{"line":4,"column":31},"end":{"line":4,"column":55}}],"line":4},"2":{"loc":{"start":{"line":5,"column":2},"end":{"line":5,"column":null}},"type":"if","locations":[{"start":{"line":5,"column":2},"end":{"line":5,"column":null}},{"start":{},"end":{}}],"line":5},"3":{"loc":{"start":{"line":5,"column":6},"end":{"line":5,"column":55}},"type":"binary-expr","locations":[{"start":{"line":5,"column":6},"end":{"line":5,"column":33}},{"start":{"line":5,"column":33},"end":{"line":5,"column":55}}],"line":5},"4":{"loc":{"start":{"line":12,"column":2},"end":{"line":12,"column":null}},"type":"if","locations":[{"start":{"line":12,"column":2},"end":{"line":12,"column":null}},{"start":{},"end":{}}],"line":12},"5":{"loc":{"start":{"line":13,"column":2},"end":{"line":13,"column":null}},"type":"if","locations":[{"start":{"line":13,"column":2},"end":{"line":13,"column":null}},{"start":{},"end":{}}],"line":13},"6":{"loc":{"start":{"line":15,"column":2},"end":{"line":15,"column":null}},"type":"if","locations":[{"start":{"line":15,"column":2},"end":{"line":15,"column":null}},{"start":{},"end":{}}],"line":15},"7":{"loc":{"start":{"line":23,"column":6},"end":{"line":23,"column":null}},"type":"if","locations":[{"start":{"line":23,"column":6},"end":{"line":23,"column":null}},{"start":{},"end":{}}],"line":23},"8":{"loc":{"start":{"line":45,"column":23},"end":{"line":47,"column":null}},"type":"cond-expr","locations":[{"start":{"line":46,"column":6},"end":{"line":46,"column":null}},{"start":{"line":47,"column":6},"end":{"line":47,"column":null}}],"line":45},"9":{"loc":{"start":{"line":47,"column":6},"end":{"line":47,"column":null}},"type":"cond-expr","locations":[{"start":{"line":47,"column":25},"end":{"line":47,"column":36}},{"start":{"line":47,"column":36},"end":{"line":47,"column":null}}],"line":47},"10":{"loc":{"start":{"line":48,"column":25},"end":{"line":51,"column":null}},"type":"binary-expr","locations":[{"start":{"line":48,"column":25},"end":{"line":51,"column":15}},{"start":{"line":51,"column":19},"end":{"line":51,"column":null}}],"line":48},"11":{"loc":{"start":{"line":50,"column":24},"end":{"line":50,"column":43}},"type":"binary-expr","locations":[{"start":{"line":50,"column":24},"end":{"line":50,"column":36}},{"start":{"line":50,"column":36},"end":{"line":50,"column":43}}],"line":50}},"s":{"0":13,"1":7,"2":6,"3":3,"4":3,"5":11,"6":11,"7":11,"8":8,"9":3,"10":3,"11":2,"12":2,"13":2,"14":1,"15":8,"16":8,"17":7,"18":0,"19":7,"20":7,"21":7,"22":8,"23":12,"24":8,"25":12,"26":8,"27":8,"28":6,"29":8},"f":{"0":13,"1":11,"2":8,"3":7,"4":7,"5":8,"6":12,"7":12,"8":6},"b":{"0":[7,6],"1":[13,8],"2":[3,3],"3":[6,4],"4":[8,3],"5":[1,2],"6":[1,1],"7":[0,7],"8":[1,7],"9":[7,0],"10":[8,5],"11":[6,0]},"meta":{"lastBranch":12,"lastFunction":9,"lastStatement":30,"seen":{"f:3:16:3:33":0,"b:4:2:4:Infinity:undefined:undefined:undefined:undefined":0,"s:4:2:4:Infinity":0,"b:4:6:4:31:4:31:4:55":1,"s:4:55:4:Infinity":1,"b:5:2:5:Infinity:undefined:undefined:undefined:undefined":2,"s:5:2:5:Infinity":2,"b:5:6:5:33:5:33:5:55":3,"s:5:55:5:Infinity":3,"s:6:2:6:Infinity":4,"f:9:16:9:35":1,"s:10:15:10:51":5,"s:11:15:11:39":6,"b:12:2:12:Infinity:undefined:undefined:undefined:undefined":4,"s:12:2:12:Infinity":7,"s:12:16:12:Infinity":8,"b:13:2:13:Infinity:undefined:undefined:undefined:undefined":5,"s:13:2:13:Infinity":9,"s:13:17:13:Infinity":10,"s:14:16:14:37":11,"b:15:2:15:Infinity:undefined:undefined:undefined:undefined":6,"s:15:2:15:Infinity":12,"s:15:18:15:Infinity":13,"s:16:2:16:Infinity":14,"f:19:16:19:37":2,"s:20:15:20:32":15,"s:21:2:33:Infinity":16,"f:22:5:22:13":3,"b:23:6:23:Infinity:undefined:undefined:undefined:undefined":7,"s:23:6:23:Infinity":17,"s:23:26:23:Infinity":18,"s:24:6:24:Infinity":19,"s:25:6:25:Infinity":20,"f:27:5:27:10":4,"s:27:17:33:7":21,"f:36:16:36:Infinity":5,"s:43:23:43:Infinity":22,"f:43:30:43:38":6,"s:43:44:43:66":23,"s:44:23:44:Infinity":24,"f:44:30:44:38":7,"s:44:44:44:65":25,"s:45:23:47:Infinity":26,"b:46:6:46:Infinity:47:6:47:Infinity":8,"b:47:25:47:36:47:36:47:Infinity":9,"s:48:25:51:Infinity":27,"b:48:25:51:15:51:19:51:Infinity":10,"f:50:5:50:10":8,"s:50:16:50:76":28,"b:50:24:50:36:50:36:50:43":11,"s:53:2:60:Infinity":29}}}
,"/Users/georgiom/code/aegis-node/src/constants/waf-rules.ts": {"path":"/Users/georgiom/code/aegis-node/src/constants/waf-rules.ts","statementMap":{"0":{"start":{"line":2,"column":31},"end":{"line":2,"column":null}},"1":{"start":{"line":6,"column":52},"end":{"line":11,"column":null}},"2":{"start":{"line":20,"column":36},"end":{"line":51,"column":null}}},"fnMap":{},"branchMap":{},"s":{"0":1,"1":1,"2":1},"f":{},"b":{},"meta":{"lastBranch":0,"lastFunction":0,"lastStatement":3,"seen":{"s:2:31:2:Infinity":0,"s:6:52:11:Infinity":1,"s:20:36:51:Infinity":2}}}
,"/Users/georgiom/code/aegis-node/src/lib/alert-id.ts": {"path":"/Users/georgiom/code/aegis-node/src/lib/alert-id.ts","statementMap":{"0":{"start":{"line":31,"column":19},"end":{"line":31,"column":50}},"1":{"start":{"line":32,"column":19},"end":{"line":32,"column":62}},"2":{"start":{"line":33,"column":19},"end":{"line":33,"column":103}},"3":{"start":{"line":34,"column":19},"end":{"line":34,"column":null}},"4":{"start":{"line":35,"column":8},"end":{"line":35,"column":82}},"5":{"start":{"line":36,"column":2},"end":{"line":36,"column":null}},"6":{"start":{"line":44,"column":21},"end":{"line":44,"column":43}},"7":{"start":{"line":45,"column":2},"end":{"line":45,"column":null}},"8":{"start":{"line":53,"column":21},"end":{"line":53,"column":43}},"9":{"start":{"line":54,"column":2},"end":{"line":54,"column":null}},"10":{"start":{"line":62,"column":2},"end":{"line":62,"column":null}}},"fnMap":{"0":{"name":"stableVanguardId","decl":{"start":{"line":30,"column":16},"end":{"line":30,"column":33}},"loc":{"start":{"line":30,"column":72},"end":{"line":36,"column":null}},"line":30},"1":{"name":"stableShortHash","decl":{"start":{"line":43,"column":16},"end":{"line":43,"column":32}},"loc":{"start":{"line":43,"column":58},"end":{"line":45,"column":null}},"line":43},"2":{"name":"stableFullHash","decl":{"start":{"line":52,"column":16},"end":{"line":52,"column":31}},"loc":{"start":{"line":52,"column":57},"end":{"line":54,"column":null}},"line":52},"3":{"name":"buildAlertId","decl":{"start":{"line":61,"column":16},"end":{"line":61,"column":29}},"loc":{"start":{"line":61,"column":76},"end":{"line":62,"column":null}},"line":61}},"branchMap":{"0":{"loc":{"start":{"line":31,"column":26},"end":{"line":31,"column":50}},"type":"binary-expr","locations":[{"start":{"line":31,"column":26},"end":{"line":31,"column":47}},{"start":{"line":31,"column":47},"end":{"line":31,"column":50}}],"line":31},"1":{"loc":{"start":{"line":32,"column":26},"end":{"line":32,"column":62}},"type":"binary-expr","locations":[{"start":{"line":32,"column":26},"end":{"line":32,"column":43}},{"start":{"line":32,"column":43},"end":{"line":32,"column":59}},{"start":{"line":32,"column":59},"end":{"line":32,"column":62}}],"line":32},"2":{"loc":{"start":{"line":33,"column":26},"end":{"line":33,"column":89}},"type":"binary-expr","locations":[{"start":{"line":33,"column":26},"end":{"line":33,"column":44}},{"start":{"line":33,"column":44},"end":{"line":33,"column":63}},{"start":{"line":33,"column":63},"end":{"line":33,"column":86}},{"start":{"line":33,"column":86},"end":{"line":33,"column":89}}],"line":33}},"s":{"0":11,"1":11,"2":11,"3":11,"4":11,"5":11,"6":12,"7":12,"8":3,"9":3,"10":7},"f":{"0":11,"1":12,"2":3,"3":7},"b":{"0":[11,2],"1":[11,11,3],"2":[11,3,3,3]},"meta":{"lastBranch":3,"lastFunction":4,"lastStatement":11,"seen":{"f:30:16:30:33":0,"s:31:19:31:50":0,"b:31:26:31:47:31:47:31:50":0,"s:32:19:32:62":1,"b:32:26:32:43:32:43:32:59:32:59:32:62":1,"s:33:19:33:103":2,"b:33:26:33:44:33:44:33:63:33:63:33:86:33:86:33:89":2,"s:34:19:34:Infinity":3,"s:35:8:35:82":4,"s:36:2:36:Infinity":5,"f:43:16:43:32":1,"s:44:21:44:43":6,"s:45:2:45:Infinity":7,"f:52:16:52:31":2,"s:53:21:53:43":8,"s:54:2:54:Infinity":9,"f:61:16:61:29":3,"s:62:2:62:Infinity":10}}}
,"/Users/georgiom/code/aegis-node/src/lib/kinetic-bridge.ts": {"path":"/Users/georgiom/code/aegis-node/src/lib/kinetic-bridge.ts","statementMap":{"0":{"start":{"line":10,"column":72},"end":{"line":15,"column":null}},"1":{"start":{"line":18,"column":2},"end":{"line":29,"column":null}},"2":{"start":{"line":19,"column":19},"end":{"line":19,"column":37}},"3":{"start":{"line":21,"column":39},"end":{"line":21,"column":59}},"4":{"start":{"line":22,"column":6},"end":{"line":28,"column":null}},"5":{"start":{"line":33,"column":13},"end":{"line":33,"column":null}},"6":{"start":{"line":35,"column":2},"end":{"line":52,"column":null}},"7":{"start":{"line":39,"column":6},"end":{"line":43,"column":null}},"8":{"start":{"line":40,"column":8},"end":{"line":43,"column":null}},"9":{"start":{"line":45,"column":6},"end":{"line":45,"column":null}},"10":{"start":{"line":48,"column":21},"end":{"line":48,"column":null}},"11":{"start":{"line":49,"column":6},"end":{"line":52,"column":null}},"12":{"start":{"line":56,"column":2},"end":{"line":59,"column":null}}},"fnMap":{"0":{"name":"buildKineticCommands","decl":{"start":{"line":17,"column":16},"end":{"line":17,"column":37}},"loc":{"start":{"line":17,"column":80},"end":{"line":29,"column":null}},"line":17},"1":{"name":"(anonymous_1)","decl":{"start":{"line":19,"column":5},"end":{"line":19,"column":13}},"loc":{"start":{"line":19,"column":19},"end":{"line":19,"column":37}},"line":19},"2":{"name":"(anonymous_2)","decl":{"start":{"line":20,"column":5},"end":{"line":20,"column":10}},"loc":{"start":{"line":20,"column":20},"end":{"line":29,"column":null}},"line":20},"3":{"name":"deriveCommand","decl":{"start":{"line":32,"column":9},"end":{"line":32,"column":23}},"loc":{"start":{"line":32,"column":87},"end":{"line":59,"column":null}},"line":32}},"branchMap":{"0":{"loc":{"start":{"line":35,"column":2},"end":{"line":52,"column":null}},"type":"switch","locations":[{"start":{"line":36,"column":4},"end":{"line":36,"column":null}},{"start":{"line":37,"column":4},"end":{"line":37,"column":null}},{"start":{"line":38,"column":4},"end":{"line":45,"column":null}},{"start":{"line":47,"column":4},"end":{"line":52,"column":null}}],"line":35},"1":{"loc":{"start":{"line":39,"column":6},"end":{"line":43,"column":null}},"type":"if","locations":[{"start":{"line":39,"column":6},"end":{"line":43,"column":null}},{"start":{},"end":{}}],"line":39},"2":{"loc":{"start":{"line":48,"column":21},"end":{"line":48,"column":null}},"type":"binary-expr","locations":[{"start":{"line":48,"column":21},"end":{"line":48,"column":27}},{"start":{"line":48,"column":27},"end":{"line":48,"column":43}},{"start":{"line":48,"column":43},"end":{"line":48,"column":null}}],"line":48}},"s":{"0":1,"1":15,"2":18,"3":17,"4":17,"5":17,"6":17,"7":14,"8":13,"9":1,"10":2,"11":2,"12":2},"f":{"0":15,"1":18,"2":17,"3":17},"b":{"0":[12,13,14,2],"1":[13,1],"2":[2,1,0]},"meta":{"lastBranch":3,"lastFunction":4,"lastStatement":13,"seen":{"s:10:72:15:Infinity":0,"f:17:16:17:37":0,"s:18:2:29:Infinity":1,"f:19:5:19:13":1,"s:19:19:19:37":2,"f:20:5:20:10":2,"s:21:39:21:59":3,"s:22:6:28:Infinity":4,"f:32:9:32:23":3,"s:33:13:33:Infinity":5,"b:36:4:36:Infinity:37:4:37:Infinity:38:4:45:Infinity:47:4:52:Infinity":0,"s:35:2:52:Infinity":6,"b:39:6:43:Infinity:undefined:undefined:undefined:undefined":1,"s:39:6:43:Infinity":7,"s:40:8:43:Infinity":8,"s:45:6:45:Infinity":9,"s:48:21:48:Infinity":10,"b:48:21:48:27:48:27:48:43:48:43:48:Infinity":2,"s:49:6:52:Infinity":11,"s:56:2:59:Infinity":12}}}
,"/Users/georgiom/code/aegis-node/src/lib/red-team-probes.ts": {"path":"/Users/georgiom/code/aegis-node/src/lib/red-team-probes.ts","statementMap":{"0":{"start":{"line":12,"column":43},"end":{"line":17,"column":null}},"1":{"start":{"line":18,"column":2},"end":{"line":18,"column":null}},"2":{"start":{"line":22,"column":62},"end":{"line":28,"column":null}},"3":{"start":{"line":31,"column":2},"end":{"line":35,"column":null}},"4":{"start":{"line":31,"column":49},"end":{"line":35,"column":5}},"5":{"start":{"line":46,"column":5},"end":{"line":50,"column":null}},"6":{"start":{"line":56,"column":33},"end":{"line":56,"column":35}},"7":{"start":{"line":58,"column":2},"end":{"line":75,"column":null}},"8":{"start":{"line":59,"column":4},"end":{"line":75,"column":null}},"9":{"start":{"line":60,"column":18},"end":{"line":63,"column":8}},"10":{"start":{"line":64,"column":17},"end":{"line":64,"column":47}},"11":{"start":{"line":65,"column":6},"end":{"line":69,"column":null}},"12":{"start":{"line":71,"column":6},"end":{"line":75,"column":null}},"13":{"start":{"line":79,"column":2},"end":{"line":79,"column":null}},"14":{"start":{"line":86,"column":2},"end":{"line":92,"column":null}},"15":{"start":{"line":87,"column":17},"end":{"line":87,"column":55}},"16":{"start":{"line":88,"column":4},"end":{"line":88,"column":null}},"17":{"start":{"line":89,"column":4},"end":{"line":89,"column":null}},"18":{"start":{"line":89,"column":31},"end":{"line":89,"column":47}},"19":{"start":{"line":89,"column":47},"end":{"line":89,"column":63}},"20":{"start":{"line":90,"column":4},"end":{"line":90,"column":null}},"21":{"start":{"line":90,"column":29},"end":{"line":90,"column":43}},"22":{"start":{"line":91,"column":4},"end":{"line":91,"column":null}},"23":{"start":{"line":91,"column":31},"end":{"line":91,"column":47}},"24":{"start":{"line":91,"column":47},"end":{"line":91,"column":64}},"25":{"start":{"line":104,"column":18},"end":{"line":112,"column":null}},"26":{"start":{"line":106,"column":19},"end":{"line":106,"column":53}},"27":{"start":{"line":107,"column":6},"end":{"line":111,"column":null}},"28":{"start":{"line":114,"column":2},"end":{"line":114,"column":null}},"29":{"start":{"line":118,"column":61},"end":{"line":122,"column":null}},"30":{"start":{"line":128,"column":33},"end":{"line":128,"column":35}},"31":{"start":{"line":130,"column":2},"end":{"line":140,"column":null}},"32":{"start":{"line":131,"column":4},"end":{"line":140,"column":null}},"33":{"start":{"line":132,"column":18},"end":{"line":132,"column":91}},"34":{"start":{"line":133,"column":22},"end":{"line":133,"column":null}},"35":{"start":{"line":134,"column":6},"end":{"line":138,"column":null}},"36":{"start":{"line":140,"column":6},"end":{"line":140,"column":null}},"37":{"start":{"line":144,"column":2},"end":{"line":144,"column":null}},"38":{"start":{"line":148,"column":25},"end":{"line":154,"column":null}},"39":{"start":{"line":160,"column":2},"end":{"line":175,"column":null}},"40":{"start":{"line":161,"column":16},"end":{"line":161,"column":90}},"41":{"start":{"line":162,"column":4},"end":{"line":169,"column":null}},"42":{"start":{"line":163,"column":18},"end":{"line":163,"column":36}},"43":{"start":{"line":164,"column":6},"end":{"line":168,"column":null}},"44":{"start":{"line":171,"column":4},"end":{"line":175,"column":null}},"45":{"start":{"line":171,"column":53},"end":{"line":175,"column":7}}},"fnMap":{"0":{"name":"formatProbeResult","decl":{"start":{"line":11,"column":16},"end":{"line":11,"column":34}},"loc":{"start":{"line":11,"column":58},"end":{"line":18,"column":null}},"line":11},"1":{"name":"probeWafRules","decl":{"start":{"line":30,"column":16},"end":{"line":30,"column":30}},"loc":{"start":{"line":30,"column":71},"end":{"line":35,"column":null}},"line":30},"2":{"name":"(anonymous_2)","decl":{"start":{"line":31,"column":25},"end":{"line":31,"column":30}},"loc":{"start":{"line":31,"column":49},"end":{"line":35,"column":5}},"line":31},"3":{"name":"probeAuthBoundary","decl":{"start":{"line":52,"column":22},"end":{"line":52,"column":null}},"loc":{"start":{"line":55,"column":26},"end":{"line":79,"column":null}},"line":55},"4":{"name":"defaultConnector","decl":{"start":{"line":85,"column":9},"end":{"line":85,"column":26}},"loc":{"start":{"line":85,"column":72},"end":{"line":92,"column":null}},"line":85},"5":{"name":"(anonymous_5)","decl":{"start":{"line":86,"column":13},"end":{"line":86,"column":22}},"loc":{"start":{"line":86,"column":34},"end":{"line":92,"column":null}},"line":86},"6":{"name":"(anonymous_6)","decl":{"start":{"line":89,"column":12},"end":{"line":89,"column":29}},"loc":{"start":{"line":89,"column":29},"end":{"line":89,"column":null}},"line":89},"7":{"name":"(anonymous_7)","decl":{"start":{"line":90,"column":12},"end":{"line":90,"column":29}},"loc":{"start":{"line":90,"column":29},"end":{"line":90,"column":43}},"line":90},"8":{"name":"(anonymous_8)","decl":{"start":{"line":91,"column":12},"end":{"line":91,"column":29}},"loc":{"start":{"line":91,"column":29},"end":{"line":91,"column":null}},"line":91},"9":{"name":"probePorts","decl":{"start":{"line":100,"column":22},"end":{"line":100,"column":null}},"loc":{"start":{"line":103,"column":26},"end":{"line":114,"column":null}},"line":103},"10":{"name":"(anonymous_10)","decl":{"start":{"line":105,"column":16},"end":{"line":105,"column":23}},"loc":{"start":{"line":105,"column":65},"end":{"line":112,"column":null}},"line":105},"11":{"name":"probeFileExposure","decl":{"start":{"line":124,"column":22},"end":{"line":124,"column":null}},"loc":{"start":{"line":127,"column":26},"end":{"line":144,"column":null}},"line":127},"12":{"name":"probeSecurityHeaders","decl":{"start":{"line":156,"column":22},"end":{"line":156,"column":null}},"loc":{"start":{"line":159,"column":26},"end":{"line":175,"column":null}},"line":159},"13":{"name":"(anonymous_13)","decl":{"start":{"line":162,"column":28},"end":{"line":162,"column":33}},"loc":{"start":{"line":162,"column":52},"end":{"line":169,"column":null}},"line":162},"14":{"name":"(anonymous_14)","decl":{"start":{"line":171,"column":28},"end":{"line":171,"column":33}},"loc":{"start":{"line":171,"column":53},"end":{"line":175,"column":7}},"line":171}},"branchMap":{"0":{"loc":{"start":{"line":33,"column":12},"end":{"line":33,"column":null}},"type":"cond-expr","locations":[{"start":{"line":33,"column":42},"end":{"line":33,"column":51}},{"start":{"line":33,"column":51},"end":{"line":33,"column":null}}],"line":33},"1":{"loc":{"start":{"line":34,"column":12},"end":{"line":34,"column":null}},"type":"cond-expr","locations":[{"start":{"line":34,"column":42},"end":{"line":34,"column":61}},{"start":{"line":34,"column":61},"end":{"line":34,"column":null}}],"line":34},"2":{"loc":{"start":{"line":54,"column":2},"end":{"line":54,"column":null}},"type":"default-arg","locations":[{"start":{"line":54,"column":21},"end":{"line":54,"column":null}}],"line":54},"3":{"loc":{"start":{"line":67,"column":16},"end":{"line":67,"column":null}},"type":"cond-expr","locations":[{"start":{"line":67,"column":21},"end":{"line":67,"column":30}},{"start":{"line":67,"column":30},"end":{"line":67,"column":null}}],"line":67},"4":{"loc":{"start":{"line":102,"column":2},"end":{"line":102,"column":null}},"type":"default-arg","locations":[{"start":{"line":102,"column":25},"end":{"line":102,"column":null}}],"line":102},"5":{"loc":{"start":{"line":109,"column":16},"end":{"line":109,"column":null}},"type":"cond-expr","locations":[{"start":{"line":109,"column":23},"end":{"line":109,"column":32}},{"start":{"line":109,"column":32},"end":{"line":109,"column":null}}],"line":109},"6":{"loc":{"start":{"line":110,"column":16},"end":{"line":110,"column":null}},"type":"cond-expr","locations":[{"start":{"line":110,"column":23},"end":{"line":110,"column":53}},{"start":{"line":110,"column":53},"end":{"line":110,"column":null}}],"line":110},"7":{"loc":{"start":{"line":126,"column":2},"end":{"line":126,"column":null}},"type":"default-arg","locations":[{"start":{"line":126,"column":21},"end":{"line":126,"column":null}}],"line":126},"8":{"loc":{"start":{"line":136,"column":16},"end":{"line":136,"column":null}},"type":"cond-expr","locations":[{"start":{"line":136,"column":26},"end":{"line":136,"column":35}},{"start":{"line":136,"column":35},"end":{"line":136,"column":null}}],"line":136},"9":{"loc":{"start":{"line":137,"column":16},"end":{"line":137,"column":null}},"type":"cond-expr","locations":[{"start":{"line":137,"column":26},"end":{"line":137,"column":65}},{"start":{"line":137,"column":65},"end":{"line":137,"column":null}}],"line":137},"10":{"loc":{"start":{"line":158,"column":2},"end":{"line":158,"column":null}},"type":"default-arg","locations":[{"start":{"line":158,"column":21},"end":{"line":158,"column":null}}],"line":158},"11":{"loc":{"start":{"line":166,"column":16},"end":{"line":166,"column":null}},"type":"cond-expr","locations":[{"start":{"line":166,"column":31},"end":{"line":166,"column":40}},{"start":{"line":166,"column":40},"end":{"line":166,"column":null}}],"line":166},"12":{"loc":{"start":{"line":167,"column":16},"end":{"line":167,"column":null}},"type":"cond-expr","locations":[{"start":{"line":167,"column":31},"end":{"line":167,"column":51}},{"start":{"line":167,"column":51},"end":{"line":167,"column":null}}],"line":167}},"s":{"0":4,"1":4,"2":1,"3":7,"4":35,"5":1,"6":6,"7":6,"8":18,"9":18,"10":15,"11":15,"12":3,"13":6,"14":0,"15":0,"16":0,"17":0,"18":0,"19":0,"20":0,"21":0,"22":0,"23":0,"24":0,"25":6,"26":9,"27":9,"28":6,"29":1,"30":6,"31":6,"32":18,"33":18,"34":15,"35":15,"36":3,"37":6,"38":1,"39":6,"40":6,"41":5,"42":25,"43":25,"44":1,"45":5},"f":{"0":4,"1":7,"2":35,"3":6,"4":0,"5":0,"6":0,"7":0,"8":0,"9":6,"10":9,"11":6,"12":6,"13":25,"14":5},"b":{"0":[11,24],"1":[11,24],"2":[6],"3":[11,4],"4":[6],"5":[1,8],"6":[1,8],"7":[6],"8":[3,12],"9":[3,12],"10":[6],"11":[6,19],"12":[6,19]},"meta":{"lastBranch":13,"lastFunction":15,"lastStatement":46,"seen":{"f:11:16:11:34":0,"s:12:43:17:Infinity":0,"s:18:2:18:Infinity":1,"s:22:62:28:Infinity":2,"f:30:16:30:30":1,"s:31:2:35:Infinity":3,"f:31:25:31:30":2,"s:31:49:35:5":4,"b:33:42:33:51:33:51:33:Infinity":0,"b:34:42:34:61:34:61:34:Infinity":1,"s:46:5:50:Infinity":5,"f:52:22:52:Infinity":3,"b:54:21:54:Infinity":2,"s:56:33:56:35":6,"s:58:2:75:Infinity":7,"s:59:4:75:Infinity":8,"s:60:18:63:8":9,"s:64:17:64:47":10,"s:65:6:69:Infinity":11,"b:67:21:67:30:67:30:67:Infinity":3,"s:71:6:75:Infinity":12,"s:79:2:79:Infinity":13,"f:85:9:85:26":4,"s:86:2:92:Infinity":14,"f:86:13:86:22":5,"s:87:17:87:55":15,"s:88:4:88:Infinity":16,"s:89:4:89:Infinity":17,"f:89:12:89:29":6,"s:89:31:89:47":18,"s:89:47:89:63":19,"s:90:4:90:Infinity":20,"f:90:12:90:29":7,"s:90:29:90:43":21,"s:91:4:91:Infinity":22,"f:91:12:91:29":8,"s:91:31:91:47":23,"s:91:47:91:64":24,"f:100:22:100:Infinity":9,"b:102:25:102:Infinity":4,"s:104:18:112:Infinity":25,"f:105:16:105:23":10,"s:106:19:106:53":26,"s:107:6:111:Infinity":27,"b:109:23:109:32:109:32:109:Infinity":5,"b:110:23:110:53:110:53:110:Infinity":6,"s:114:2:114:Infinity":28,"s:118:61:122:Infinity":29,"f:124:22:124:Infinity":11,"b:126:21:126:Infinity":7,"s:128:33:128:35":30,"s:130:2:140:Infinity":31,"s:131:4:140:Infinity":32,"s:132:18:132:91":33,"s:133:22:133:Infinity":34,"s:134:6:138:Infinity":35,"b:136:26:136:35:136:35:136:Infinity":8,"b:137:26:137:65:137:65:137:Infinity":9,"s:140:6:140:Infinity":36,"s:144:2:144:Infinity":37,"s:148:25:154:Infinity":38,"f:156:22:156:Infinity":12,"b:158:21:158:Infinity":10,"s:160:2:175:Infinity":39,"s:161:16:161:90":40,"s:162:4:169:Infinity":41,"f:162:28:162:33":13,"s:163:18:163:36":42,"s:164:6:168:Infinity":43,"b:166:31:166:40:166:40:166:Infinity":11,"b:167:31:167:51:167:51:167:Infinity":12,"s:171:4:175:Infinity":44,"f:171:28:171:33":14,"s:171:53:175:7":45}}}
}
